# JRE version: OpenJDK Runtime Environment (8.0_152-b06) (build 1.8.0_152-release-1136-b06)
# Java VM: OpenJDK 64-Bit Server VM (25.152-b06 mixed mode linux-amd64 compressed oops)
Heap:
 PSYoungGen      total 342528K, used 27626K [0x00000000e0000000, 0x00000000f9f00000, 0x0000000100000000)
  eden space 314880K, 0% used [0x00000000e0000000,0x00000000e0000000,0x00000000f3380000)
  from space 27648K, 99% used [0x00000000f8400000,0x00000000f9efa968,0x00000000f9f00000)
  to   space 23040K, 0% used [0x00000000f3380000,0x00000000f3380000,0x00000000f4a00000)
 ParOldGen       total 91136K, used 68547K [0x00000000a0000000, 0x00000000a5900000, 0x00000000e0000000)
  object space 91136K, 75% used [0x00000000a0000000,0x00000000a42f0c50,0x00000000a5900000)
 Metaspace       used 90809K, capacity 94772K, committed 94808K, reserved 1132544K
  class space    used 11536K, capacity 12392K, committed 12416K, reserved 1048576K
GC Heap History (10 events):
Event: 337,006 GC heap after
Heap after GC invocations=16 (full 3):
 PSYoungGen      total 243200K, used 10615K [0x00000000e0000000, 0x00000000f3600000, 0x0000000100000000)
  eden space 221184K, 0% used [0x00000000e0000000,0x00000000e0000000,0x00000000ed800000)
  from space 22016K, 48% used [0x00000000ed800000,0x00000000ee25dd00,0x00000000eed80000)
  to   space 20992K, 0% used [0x00000000f2180000,0x00000000f2180000,0x00000000f3600000)
 ParOldGen       total 91136K, used 49755K [0x00000000a0000000, 0x00000000a5900000, 0x00000000e0000000)
  object space 91136K, 54% used [0x00000000a0000000,0x00000000a3096fb8,0x00000000a5900000)
 Metaspace       used 70952K, capacity 73436K, committed 73560K, reserved 1114112K
  class space    used 9249K, capacity 9850K, committed 9856K, reserved 1048576K
}
Event: 4402,750 GC heap before
{Heap before GC invocations=17 (full 3):
 PSYoungGen      total 243200K, used 231799K [0x00000000e0000000, 0x00000000f3600000, 0x0000000100000000)
  eden space 221184K, 100% used [0x00000000e0000000,0x00000000ed800000,0x00000000ed800000)
  from space 22016K, 48% used [0x00000000ed800000,0x00000000ee25dd00,0x00000000eed80000)
  to   space 20992K, 0% used [0x00000000f2180000,0x00000000f2180000,0x00000000f3600000)
 ParOldGen       total 91136K, used 49755K [0x00000000a0000000, 0x00000000a5900000, 0x00000000e0000000)
  object space 91136K, 54% used [0x00000000a0000000,0x00000000a3096fb8,0x00000000a5900000)
 Metaspace       used 72696K, capacity 75492K, committed 75608K, reserved 1114112K
  class space    used 9399K, capacity 10046K, committed 10112K, reserved 1048576K
Event: 4403,503 GC heap after
Heap after GC invocations=17 (full 3):
 PSYoungGen      total 279552K, used 12509K [0x00000000e0000000, 0x00000000f2e00000, 0x0000000100000000)
  eden space 266752K, 0% used [0x00000000e0000000,0x00000000e0000000,0x00000000f0480000)
  from space 12800K, 97% used [0x00000000f2180000,0x00000000f2db7658,0x00000000f2e00000)
  to   space 20992K, 0% used [0x00000000f0500000,0x00000000f0500000,0x00000000f1980000)
 ParOldGen       total 91136K, used 49763K [0x00000000a0000000, 0x00000000a5900000, 0x00000000e0000000)
  object space 91136K, 54% used [0x00000000a0000000,0x00000000a3098fb8,0x00000000a5900000)
 Metaspace       used 72696K, capacity 75492K, committed 75608K, reserved 1114112K
  class space    used 9399K, capacity 10046K, committed 10112K, reserved 1048576K
}
Event: 4417,457 GC heap before
{Heap before GC invocations=18 (full 3):
 PSYoungGen      total 279552K, used 279261K [0x00000000e0000000, 0x00000000f2e00000, 0x0000000100000000)
  eden space 266752K, 100% used [0x00000000e0000000,0x00000000f0480000,0x00000000f0480000)
  from space 12800K, 97% used [0x00000000f2180000,0x00000000f2db7658,0x00000000f2e00000)
  to   space 20992K, 0% used [0x00000000f0500000,0x00000000f0500000,0x00000000f1980000)
 ParOldGen       total 91136K, used 49763K [0x00000000a0000000, 0x00000000a5900000, 0x00000000e0000000)
  object space 91136K, 54% used [0x00000000a0000000,0x00000000a3098fb8,0x00000000a5900000)
 Metaspace       used 76500K, capacity 79350K, committed 79448K, reserved 1118208K
  class space    used 9897K, capacity 10601K, committed 10624K, reserved 1048576K
Event: 4417,536 GC heap after
Heap after GC invocations=18 (full 3):
 PSYoungGen      total 288256K, used 11559K [0x00000000e0000000, 0x00000000f5e00000, 0x0000000100000000)
  eden space 267264K, 0% used [0x00000000e0000000,0x00000000e0000000,0x00000000f0500000)
  from space 20992K, 55% used [0x00000000f0500000,0x00000000f1049c40,0x00000000f1980000)
  to   space 20480K, 0% used [0x00000000f4a00000,0x00000000f4a00000,0x00000000f5e00000)
 ParOldGen       total 91136K, used 49763K [0x00000000a0000000, 0x00000000a5900000, 0x00000000e0000000)
  object space 91136K, 54% used [0x00000000a0000000,0x00000000a3098fb8,0x00000000a5900000)
 Metaspace       used 76500K, capacity 79350K, committed 79448K, reserved 1118208K
  class space    used 9897K, capacity 10601K, committed 10624K, reserved 1048576K
}
Event: 4425,470 GC heap before
{Heap before GC invocations=19 (full 3):
 PSYoungGen      total 288256K, used 278038K [0x00000000e0000000, 0x00000000f5e00000, 0x0000000100000000)
  eden space 267264K, 99% used [0x00000000e0000000,0x00000000f043be88,0x00000000f0500000)
  from space 20992K, 55% used [0x00000000f0500000,0x00000000f1049c40,0x00000000f1980000)
  to   space 20480K, 0% used [0x00000000f4a00000,0x00000000f4a00000,0x00000000f5e00000)
 ParOldGen       total 91136K, used 49763K [0x00000000a0000000, 0x00000000a5900000, 0x00000000e0000000)
  object space 91136K, 54% used [0x00000000a0000000,0x00000000a3098fb8,0x00000000a5900000)
 Metaspace       used 79624K, capacity 82646K, committed 82904K, reserved 1122304K
  class space    used 10208K, capacity 10927K, committed 11008K, reserved 1048576K
Event: 4425,628 GC heap after
Heap after GC invocations=19 (full 3):
 PSYoungGen      total 335360K, used 20263K [0x00000000e0000000, 0x00000000f6f00000, 0x0000000100000000)
  eden space 314880K, 0% used [0x00000000e0000000,0x00000000e0000000,0x00000000f3380000)
  from space 20480K, 98% used [0x00000000f4a00000,0x00000000f5dc9ec0,0x00000000f5e00000)
  to   space 23040K, 0% used [0x00000000f3380000,0x00000000f3380000,0x00000000f4a00000)
 ParOldGen       total 91136K, used 49771K [0x00000000a0000000, 0x00000000a5900000, 0x00000000e0000000)
  object space 91136K, 54% used [0x00000000a0000000,0x00000000a309afb8,0x00000000a5900000)
 Metaspace       used 79624K, capacity 82646K, committed 82904K, reserved 1122304K
  class space    used 10208K, capacity 10927K, committed 11008K, reserved 1048576K
}
Event: 4433,520 GC heap before
{Heap before GC invocations=20 (full 3):
 PSYoungGen      total 335360K, used 335143K [0x00000000e0000000, 0x00000000f6f00000, 0x0000000100000000)
  eden space 314880K, 100% used [0x00000000e0000000,0x00000000f3380000,0x00000000f3380000)
  from space 20480K, 98% used [0x00000000f4a00000,0x00000000f5dc9ec0,0x00000000f5e00000)
  to   space 23040K, 0% used [0x00000000f3380000,0x00000000f3380000,0x00000000f4a00000)
 ParOldGen       total 91136K, used 49771K [0x00000000a0000000, 0x00000000a5900000, 0x00000000e0000000)
  object space 91136K, 54% used [0x00000000a0000000,0x00000000a309afb8,0x00000000a5900000)
 Metaspace       used 87687K, capacity 91500K, committed 91736K, reserved 1128448K
  class space    used 11226K, capacity 12052K, committed 12160K, reserved 1048576K
Event: 4433,691 GC heap after
Heap after GC invocations=20 (full 3):
 PSYoungGen      total 337920K, used 23027K [0x00000000e0000000, 0x00000000f9f00000, 0x0000000100000000)
  eden space 314880K, 0% used [0x00000000e0000000,0x00000000e0000000,0x00000000f3380000)
  from space 23040K, 99% used [0x00000000f3380000,0x00000000f49fcd00,0x00000000f4a00000)
  to   space 27648K, 0% used [0x00000000f8400000,0x00000000f8400000,0x00000000f9f00000)
 ParOldGen       total 91136K, used 53275K [0x00000000a0000000, 0x00000000a5900000, 0x00000000e0000000)
  object space 91136K, 58% used [0x00000000a0000000,0x00000000a3406e08,0x00000000a5900000)
 Metaspace       used 87687K, capacity 91500K, committed 91736K, reserved 1128448K
  class space    used 11226K, capacity 12052K, committed 12160K, reserved 1048576K
}
Event: 4443,092 GC heap before
{Heap before GC invocations=21 (full 3):
 PSYoungGen      total 337920K, used 337907K [0x00000000e0000000, 0x00000000f9f00000, 0x0000000100000000)
  eden space 314880K, 100% used [0x00000000e0000000,0x00000000f3380000,0x00000000f3380000)
  from space 23040K, 99% used [0x00000000f3380000,0x00000000f49fcd00,0x00000000f4a00000)
  to   space 27648K, 0% used [0x00000000f8400000,0x00000000f8400000,0x00000000f9f00000)
 ParOldGen       total 91136K, used 53275K [0x00000000a0000000, 0x00000000a5900000, 0x00000000e0000000)
  object space 91136K, 58% used [0x00000000a0000000,0x00000000a3406e08,0x00000000a5900000)
 Metaspace       used 90809K, capacity 94772K, committed 94808K, reserved 1132544K
  class space    used 11536K, capacity 12392K, committed 12416K, reserved 1048576K

